             SI :  STRING : 0x62a1f0
            TRI :  STRING : 0x62a250
            TRF :  STRING : 0x62a2b0
           OPTI :  STRING : 0x62a310
           CRF0 :  STRING : 0x62a370
           CRF1 :  STRING : 0x62a3d0
           CRF2 :  STRING : 0x62a430
           CRF2 :  STRING : 0x62a490
           CRI0 :  STRING : 0x62a4f0
           CRI1 :  STRING : 0x62a550
           CRI2 :  STRING : 0x62a5b0
           CRI3 :  STRING : 0x62a610
           BRDR :  STRING : 0x62a670
           CCR0 :  STRING : 0x62a6d0
           CCR1 :  STRING : 0x62a730
           CCR2 :  STRING : 0x62a790
           CCR3 :  STRING : 0x62a7f0
           CSR0 :  STRING : 0x62a850
           CSR1 :  STRING : 0x62a8c0
           CSR2 :  STRING : 0x62a930
           CSR3 :  STRING : 0x62a9a0
